<?xml version="1.0" encoding="UTF-8"?>
<!-- Generated by org.testng.reporters.JUnitXMLReporter -->
<testsuite ignored="1" hostname="Vaijnaths-MacBook-Pro.local" failures="0" tests="1" name="LaunchHelpCenterTest" time="15.183" errors="0" timestamp="2024-06-29T10:29:32 EDT">
  <testcase classname="com.infini.tests.InfyniAppTestCae" name="LaunchHelpCenter" time="3.146"/>
  <testcase classname="com.infini.tests.InfyniAppTestCae" name="PrivacyPolicy" time="0.0">
    <ignored/>
  </testcase> <!-- PrivacyPolicy -->
</testsuite> <!-- LaunchHelpCenterTest -->
