<?xml version="1.0" encoding="UTF-8"?>
<!-- Generated by org.testng.reporters.JUnitXMLReporter -->
<testsuite ignored="1" hostname="Vaijnaths-MacBook-Pro.local" failures="0" tests="1" name="PrivacyPolicyTest" time="18.227" errors="0" timestamp="2024-06-29T10:29:50 EDT">
  <testcase classname="com.infini.tests.InfyniAppTestCae" name="PrivacyPolicy" time="5.122"/>
  <testcase classname="com.infini.tests.InfyniAppTestCae" name="LaunchHelpCenter" time="0.0">
    <ignored/>
  </testcase> <!-- LaunchHelpCenter -->
</testsuite> <!-- PrivacyPolicyTest -->
